"../../../Engine/Content/Animation/DefaultAnimCurveCompressionSettings.uasset" 0
"../../../Engine/Content/Functions/Engine_MaterialFunctions01/Opacity/CameraDepthFade.uasset" 1
"../../../Engine/Content/EngineMaterials/T_Default_Material_Grid_M.uasset" 2
"../../../Engine/Content/EngineMaterials/T_Default_Material_Grid_N.uasset" 3
"../../../Engine/Content/EngineMaterials/WorldGridMaterial.uasset" 4
"../../../Engine/Content/ArtTools/RenderToTexture/Meshes/S_1_Unit_Plane.uasset" 5
"../../../Engine/Content/EngineMaterials/DefaultMaterial.uasset" 6
"../../../Engine/Content/BasicShapes/Cone.uasset" 7
"../../../Engine/Content/BasicShapes/Cube.uasset" 8
"../../../Engine/Content/BasicShapes/Cylinder.uasset" 9
"../../../Engine/Content/BasicShapes/Plane.uasset" 10
"../../../Engine/Content/EngineMaterials/DefaultPhysicalMaterial.uasset" 11
"../../../Engine/Content/BufferVisualization/AmbientOcclusion.uasset" 12
"../../../Engine/Content/BufferVisualization/BaseColor.uasset" 13
"../../../Engine/Content/BufferVisualization/CustomDepth.uasset" 14
"../../../Engine/Content/Functions/Engine_MaterialFunctions02/Utility/VectorLength.uasset" 15
"../../../Engine/Content/BufferVisualization/CustomDepthWorldUnits.uasset" 16
"../../../Engine/Content/Functions/Engine_MaterialFunctions02/Utility/BreakOutFloat2Components.uasset" 17
"../../../Engine/Content/Functions/Engine_MaterialFunctions01/Texturing/ScaleUVsByCenter.uasset" 18
"../../../Engine/Content/Functions/Engine_MaterialFunctions02/ScreenResolution.uasset" 19
"../../../Engine/Content/Functions/Engine_MaterialFunctions02/Texturing/ScreenAlignedUVs.uasset" 20
"../../../Engine/Content/Functions/Engine_MaterialFunctions02/Utility/MakeFloat2.uasset" 21
"../../../Engine/Content/Functions/Engine_MaterialFunctions02/Utility/MakeFloat3.uasset" 22
"../../../Engine/Content/EngineMaterials/MiniFont.uasset" 23
"../../../Engine/Content/BufferVisualization/CustomStencil.uasset" 24
"../../../Engine/Content/BufferVisualization/FinalImage.uasset" 25
"../../../Engine/Content/BufferVisualization/LightingModel.uasset" 26
"../../../Engine/Content/BufferVisualization/MaterialAO.uasset" 27
"../../../Engine/Content/BufferVisualization/Metallic.uasset" 28
"../../../Engine/Content/BufferVisualization/Opacity.uasset" 29
"../../../Engine/Content/BufferVisualization/PostTonemapHDRColor.uasset" 30
"../../../Engine/Content/BufferVisualization/PreTonemapHDRColor.uasset" 31
"../../../Engine/Content/BufferVisualization/Roughness.uasset" 32
"../../../Engine/Content/BufferVisualization/SceneColor.uasset" 33
"../../../Engine/Content/BufferVisualization/SceneDepth.uasset" 34
"../../../Engine/Content/BufferVisualization/SceneDepthWorldUnits.uasset" 35
"../../../Engine/Content/BufferVisualization/SeparateTranslucencyA.uasset" 36
"../../../Engine/Content/BufferVisualization/SeparateTranslucencyRGB.uasset" 37
"../../../Engine/Content/BufferVisualization/Specular.uasset" 38
"../../../Engine/Content/BufferVisualization/SubsurfaceColor.uasset" 39
"../../../Engine/Content/BufferVisualization/Velocity.uasset" 40
"../../../Engine/Content/BufferVisualization/WorldNormal.uasset" 41
"../../../Engine/Content/EditorLandscapeResources/DataLayer.uasset" 42
"../../../Engine/Content/EditorLandscapeResources/DefaultAlphaTexture.uasset" 43
"../../../Engine/Content/EditorLandscapeResources/LandscapeGizmoHeight_Mat.uasset" 44
"../../../Engine/Content/EditorLandscapeResources/LandscapeGizmo_Mat.uasset" 45
"../../../Engine/Content/EditorLandscapeResources/LandscapeGizmo_Mat_Copied.uasset" 46
"../../../Engine/Content/EditorLandscapeResources/SplineEditorMeshMat.uasset" 47
"../../../Engine/Content/EditorLandscapeResources/SplineEditorMesh.uasset" 48
"../../../Engine/Content/EditorMaterials/Cross.uasset" 49
"../../../Engine/Content/EditorMaterials/Cross_Mat.uasset" 50
"../../../Engine/Content/EngineMaterials/DefaultDiffuse.uasset" 51
"../../../Engine/Content/Functions/Engine_MaterialFunctions01/Texturing/TextureCropping.uasset" 52
"../../../Engine/Content/Functions/Engine_MaterialFunctions01/Texturing/ComputeMipLevel.uasset" 53
"../../../Engine/Content/Functions/Engine_MaterialFunctions02/ExampleContent/DebugNumberStrip.uasset" 54
"../../../Engine/Content/Functions/Engine_MaterialFunctions02/ExampleContent/Textures/DebugNumberPeriod.uasset" 55
"../../../Engine/Content/Functions/Engine_MaterialFunctions02/Utility/DebugScalarValues.uasset" 56
"../../../Engine/Content/Functions/Engine_MaterialFunctions02/Utility/DebugFloat2Values.uasset" 57
"../../../Engine/Content/Functions/Engine_MaterialFunctions02/ExampleContent/Textures/flipbook.uasset" 58
"../../../Engine/Content/Functions/Engine_MaterialFunctions02/Texturing/FlipBook.uasset" 59
"../../../Engine/Content/Functions/Engine_MaterialFunctions02/Utility/Sign.uasset" 60
"../../../Engine/Content/Functions/Engine_MaterialFunctions02/Utility/Round.uasset" 61
"../../../Engine/Content/EditorResources/T_EditorHelp.uasset" 62
"../../../Engine/Content/EditorMaterials/HelpActorMaterial.uasset" 63
"../../../Engine/Content/EditorMaterials/CompositeARGBLayer.uasset" 64
"../../../Engine/Content/EditorMaterials/TilingAALineIntegral.uasset" 65
"../../../Engine/Content/EditorMaterials/TilingAALineBoxFiltered.uasset" 66
"../../../Engine/Content/Functions/Engine_MaterialFunctions03/Procedurals/ComputeFilterWidth.uasset" 67
"../../../Engine/Content/EditorMaterials/TilingAADots.uasset" 68
"../../../Engine/Content/EngineMaterials/BlendFunc_DefBase.uasset" 69
"../../../Engine/Content/EngineMaterials/BlendFunc_DefBlend.uasset" 70
"../../../Engine/Content/Functions/Engine_MaterialFunctions03/Blends/Blend_Screen.uasset" 71
"../../../Engine/Content/EditorMaterials/TilingAAGrid.uasset" 72
"../../../Engine/Content/EditorMaterials/LevelGridMaterial.uasset" 73
"../../../Engine/Content/EditorMaterials/MakeCompositeARGBLayer.uasset" 74
"../../../Engine/Content/EditorResources/LevelGrid1DStripes.uasset" 75
"../../../Engine/Content/EditorMaterials/TextureGridCascaded1D.uasset" 76
"../../../Engine/Content/EditorMaterials/TextureGridCascaded2D.uasset" 77
"../../../Engine/Content/EditorMaterials/LevelGridMaterial2.uasset" 78
"../../../Engine/Content/EditorMaterials/MAT_Groups_Toggle.uasset" 79
"../../../Engine/Content/EditorMaterials/MAT_Groups_Visibility.uasset" 80
"../../../Engine/Content/EditorMaterials/PhAT_BoneSelectedMaterial.uasset" 81
"../../../Engine/Content/EditorMaterials/PhAT_ElemSelectedMaterial.uasset" 82
"../../../Engine/Content/EditorMaterials/PhAT_NoCollisionMaterial.uasset" 83
"../../../Engine/Content/EditorMaterials/PhAT_UnselectedMaterial.uasset" 84
"../../../Engine/Content/EditorMaterials/PreviewShadowIndicator.uasset" 85
"../../../Engine/Content/EditorMaterials/PreviewShadowIndicatorMaterial.uasset" 86
"../../../Engine/Content/EditorMaterials/TargetIcon.uasset" 87
"../../../Engine/Content/EditorMaterials/Tick.uasset" 88
"../../../Engine/Content/EditorMaterials/Tick_Mat.uasset" 89
"../../../Engine/Content/EditorMaterials/WidgetGridVertexColorMaterial.uasset" 90
"../../../Engine/Content/EditorMaterials/WidgetGridVertexColorMaterial_Ma.uasset" 91
"../../../Engine/Content/EditorMaterials/WidgetMaterial.uasset" 92
"../../../Engine/Content/EditorMaterials/WidgetMaterial_Current.uasset" 93
"../../../Engine/Content/EditorMaterials/WidgetMaterial_X.uasset" 94
"../../../Engine/Content/EditorMaterials/WidgetMaterial_Y.uasset" 95
"../../../Engine/Content/EditorMaterials/WidgetMaterial_Z.uasset" 96
"../../../Engine/Content/EditorMaterials/WidgetVertexColorMaterial.uasset" 97
"../../../Engine/Content/EditorMaterials/AssetViewer/EpicQuadPanorama_CC+EV1.uasset" 98
"../../../Engine/Content/MapTemplates/Sky/SunsetAmbientCubemap.uasset" 99
"../../../Engine/Content/EditorMaterials/AssetViewer/M_SkyBox.uasset" 100
"../../../Engine/Content/EditorMaterials/MatineeGroups/MAT_ColorTrack.uasset" 101
"../../../Engine/Content/EditorMaterials/MatineeGroups/MAT_Groups_Anim.uasset" 102
"../../../Engine/Content/EditorMaterials/MatineeGroups/MAT_Groups_AudioMaster.uasset" 103
"../../../Engine/Content/EditorMaterials/MatineeGroups/MAT_Groups_Director.uasset" 104
"../../../Engine/Content/EditorMaterials/MatineeGroups/MAT_Groups_Event.uasset" 105
"../../../Engine/Content/EditorMaterials/MatineeGroups/MAT_Groups_Fade.uasset" 106
"../../../Engine/Content/EditorMaterials/MatineeGroups/MAT_Groups_Float.uasset" 107
"../../../Engine/Content/EditorMaterials/MatineeGroups/MAT_Groups_Move.uasset" 108
"../../../Engine/Content/EditorMaterials/MatineeGroups/MAT_Groups_Slomo.uasset" 109
"../../../Engine/Content/EditorMaterials/MatineeGroups/MAT_Groups_Sound.uasset" 110
"../../../Engine/Content/EditorMaterials/MatineeGroups/MAT_Groups_Vector.uasset" 111
"../../../Engine/Content/EditorMaterials/ParticleSystems/PSysThumbnail_NoImage.uasset" 112
"../../../Engine/Content/EditorMaterials/ParticleSystems/PSysThumbnail_OOD.uasset" 113
"../../../Engine/Content/EngineMaterials/Grid.uasset" 114
"../../../Engine/Content/EditorMaterials/Thumbnails/FloorPlaneMaterial.uasset" 115
"../../../Engine/Content/EditorMeshes/EditorCube.uasset" 116
"../../../Engine/Content/EditorMeshes/EditorCylinder.uasset" 117
"../../../Engine/Content/EditorMeshes/EditorPlane.uasset" 118
"../../../Engine/Content/EditorMaterials/Thumbnails/SkySphereMaterial.uasset" 119
"../../../Engine/Content/EditorMeshes/EditorSkySphere.uasset" 120
"../../../Engine/Content/EditorMeshes/EditorSphere.uasset" 121
"../../../Engine/Content/EditorResources/MatineeCam_D.uasset" 122
"../../../Engine/Content/EditorMaterials/MatineeCam_mat.uasset" 123
"../../../Engine/Content/EditorMeshes/MatineeCam_SM.uasset" 124
"../../../Engine/Content/EditorMeshes/PlanarReflectionPlane.uasset" 125
"../../../Engine/Content/Functions/Engine_MaterialFunctions01/Shading/ConvertFromDiffSpec.uasset" 126
"../../../Engine/Content/EditorMaterials/GridMaterial.uasset" 127
"../../../Engine/Content/EditorMeshes/AssetViewer/Floor_Mesh.uasset" 128
"../../../Engine/Content/EditorMeshes/AssetViewer/Sphere_inversenormals.uasset" 129
"../../../Engine/Content/EditorMaterials/Camera/CineMat.uasset" 130
"../../../Engine/Content/EditorMaterials/Camera/MI_CineMat_CameraBody.uasset" 131
"../../../Engine/Content/EngineDebugMaterials/M_SimpleOpaque.uasset" 132
"../../../Engine/Content/EditorMaterials/Camera/MI_CineMat_CamViewFinder.uasset" 133
"../../../Engine/Content/EditorMeshes/Camera/SM_CineCam.uasset" 134
"../../../Engine/Content/EditorMaterials/Camera/MI_CineMat_Rig.uasset" 135
"../../../Engine/Content/EditorMeshes/Camera/SM_CraneRig_Arm.uasset" 136
"../../../Engine/Content/EditorMeshes/Camera/SM_CraneRig_Base.uasset" 137
"../../../Engine/Content/EditorMeshes/Camera/SM_CraneRig_Body.uasset" 138
"../../../Engine/Content/EditorMeshes/Camera/SM_CraneRig_Mount.uasset" 139
"../../../Engine/Content/EditorMeshes/Camera/SM_RailRig_Mount.uasset" 140
"../../../Engine/Content/EditorMeshes/Camera/SM_RailRig_Track.uasset" 141
"../../../Engine/Content/EditorMeshes/ColorCalibrator/M_ChromeBall.uasset" 142
"../../../Engine/Content/EditorResources/Bad.uasset" 143
"../../../Engine/Content/EditorResources/BSPVertex.uasset" 144
"../../../Engine/Content/EditorResources/EmptyActor.uasset" 145
"../../../Engine/Content/EditorResources/MatInstActSprite.uasset" 146
"../../../Engine/Content/EditorResources/SceneManager.uasset" 147
"../../../Engine/Content/EditorResources/SimplygonLogo.uasset" 148
"../../../Engine/Content/EditorResources/SmallFont.uasset" 149
"../../../Engine/Content/EditorResources/S_Actor.uasset" 150
"../../../Engine/Content/EditorResources/S_CameraShakeSource.uasset" 151
"../../../Engine/Content/EditorResources/S_DecalActorIcon.uasset" 152
"../../../Engine/Content/EditorResources/S_Emitter.uasset" 153
"../../../Engine/Content/EditorResources/S_ExpoHeightFog.uasset" 154
"../../../Engine/Content/EditorResources/S_FTest.uasset" 155
"../../../Engine/Content/EditorResources/S_KBSJoint.uasset" 156
"../../../Engine/Content/EditorResources/S_KHinge.uasset" 157
"../../../Engine/Content/EditorResources/S_KPrismatic.uasset" 158
"../../../Engine/Content/EditorResources/S_LevelSequence.uasset" 159
"../../../Engine/Content/EditorResources/S_NavP.uasset" 160
"../../../Engine/Content/EditorResources/S_Note.uasset" 161
"../../../Engine/Content/EditorResources/S_Player.uasset" 162
"../../../Engine/Content/EditorResources/S_PortalActorIcon2.uasset" 163
"../../../Engine/Content/EditorResources/S_RadForce.uasset" 164
"../../../Engine/Content/EditorResources/S_ReflActorIcon.uasset" 165
"../../../Engine/Content/EditorResources/S_SkyAtmosphere.uasset" 166
"../../../Engine/Content/EditorResources/S_Solver.uasset" 167
"../../../Engine/Content/EditorResources/S_Terrain.uasset" 168
"../../../Engine/Content/EditorResources/S_TextRenderActorIcon.uasset" 169
"../../../Engine/Content/EditorResources/S_Thruster.uasset" 170
"../../../Engine/Content/EditorResources/S_Trigger.uasset" 171
"../../../Engine/Content/EditorResources/S_VectorFieldVol.uasset" 172
"../../../Engine/Content/EditorResources/S_WindDirectional.uasset" 173
"../../../Engine/Content/EditorResources/AI/S_NavLink.uasset" 174
"../../../Engine/Content/EditorResources/AudioIcons/S_AudioComponent_AutoActivate.uasset" 175
"../../../Engine/Content/EditorResources/LightIcons/SkyLight.uasset" 176
"../../../Engine/Content/EditorResources/LightIcons/S_LightDirectional.uasset" 177
"../../../Engine/Content/EditorResources/LightIcons/S_LightDirectionalMove.uasset" 178
"../../../Engine/Content/EditorResources/LightIcons/S_LightError.uasset" 179
"../../../Engine/Content/EditorResources/LightIcons/S_LightPoint.uasset" 180
"../../../Engine/Content/EditorResources/LightIcons/S_LightPointMove.uasset" 181
"../../../Engine/Content/EditorResources/LightIcons/S_LightSpot.uasset" 182
"../../../Engine/Content/EditorResources/LightIcons/S_LightSpotMove.uasset" 183
"../../../Engine/Content/EditorResources/SequenceRecorder/Countdown.uasset" 184
"../../../Engine/Content/EditorResources/SequenceRecorder/RecordingIndicator.uasset" 185
"../../../Engine/Content/EditorResources/Spline/T_Loft_Spline.uasset" 186
"../../../Engine/Content/EditorSounds/Notifications/CompileFailed.uasset" 187
"../../../Engine/Content/EditorSounds/Notifications/CompileFailed_Cue.uasset" 188
"../../../Engine/Content/EditorSounds/Notifications/CompileSuccess.uasset" 189
"../../../Engine/Content/EditorSounds/Notifications/CompileStart_Cue.uasset" 190
"../../../Engine/Content/EditorSounds/Notifications/CompileSuccess_Cue.uasset" 191
"../../../Engine/Content/EngineDamageTypes/DmgTypeBP_Environmental.uasset" 192
"../../../Engine/Content/EngineDebugMaterials/HeatmapGradient.uasset" 193
"../../../Engine/Content/EngineDebugMaterials/BoneWeightMaterial.uasset" 194
"../../../Engine/Content/EngineDebugMaterials/ClothMaterial.uasset" 195
"../../../Engine/Content/EngineDebugMaterials/ClothMaterial_WF.uasset" 196
"../../../Engine/Content/EngineDebugMaterials/DebugEditorMaterial.uasset" 197
"../../../Engine/Content/EngineDebugMaterials/DebugMeshMaterial.uasset" 198
"../../../Engine/Content/EngineDebugMaterials/GeomMaterial.uasset" 199
"../../../Engine/Content/EngineDebugMaterials/LevelColorationLitMaterial.uasset" 200
"../../../Engine/Content/EngineDebugMaterials/LevelColorationUnlitMaterial.uasset" 201
"../../../Engine/Content/EngineMaterials/DefaultWhiteGrid.uasset" 202
"../../../Engine/Content/EngineDebugMaterials/MAT_LevelColorationLitLightmapUV.uasset" 203
"../../../Engine/Content/EngineDebugMaterials/M_SimpleUnlitTranslucent.uasset" 204
"../../../Engine/Content/Functions/Engine_MaterialFunctions02/Utility/CameraDirectionVector.uasset" 205
"../../../Engine/Content/EngineDebugMaterials/VolumeToRender.uasset" 206
"../../../Engine/Content/EngineDebugMaterials/M_VolumeRenderSphereTracePP.uasset" 207
"../../../Engine/Content/EngineMaterials/DefaultWhiteGrid_Low.uasset" 208
"../../../Engine/Content/EngineDebugMaterials/PhysicalMaterialMaskMaterial.uasset" 209
"../../../Engine/Content/EngineDebugMaterials/ShadedLevelColorationLitMaterial.uasset" 210
"../../../Engine/Content/EngineDebugMaterials/ShadedLevelColorationUnlitMateri.uasset" 211
"../../../Engine/Content/EngineDebugMaterials/VertexColorMaterial.uasset" 212
"../../../Engine/Content/EngineDebugMaterials/VertexColorViewMode_AlphaAsColor.uasset" 213
"../../../Engine/Content/EngineDebugMaterials/VertexColorViewMode_BlueOnly.uasset" 214
"../../../Engine/Content/EngineDebugMaterials/VertexColorViewMode_ColorOnly.uasset" 215
"../../../Engine/Content/EngineDebugMaterials/VertexColorViewMode_GreenOnly.uasset" 216
"../../../Engine/Content/EngineDebugMaterials/VertexColorViewMode_RedOnly.uasset" 217
"../../../Engine/Content/EngineDebugMaterials/WireframeMaterial.uasset" 218
"../../../Engine/Content/EngineFonts/Faces/DroidSansFallback.uasset" 219
"../../../Engine/Content/EngineFonts/Faces/RobotoBold.uasset" 220
"../../../Engine/Content/EngineFonts/Faces/RobotoBoldItalic.uasset" 221
"../../../Engine/Content/EngineFonts/Faces/RobotoItalic.uasset" 222
"../../../Engine/Content/EngineFonts/Faces/RobotoLight.uasset" 223
"../../../Engine/Content/EngineFonts/Faces/RobotoRegular.uasset" 224
"../../../Engine/Content/EngineFonts/Roboto.uasset" 225
"../../../Engine/Content/EngineFonts/Faces/RobotoTiny.uasset" 226
"../../../Engine/Content/EngineFonts/RobotoTiny.uasset" 227
"../../../Engine/Content/EngineFonts/SmallFont.uasset" 228
"../../../Engine/Content/EngineFonts/TinyFont.uasset" 229
"../../../Engine/Content/EngineMaterials/BaseFlattenDiffuseMap.uasset" 230
"../../../Engine/Content/EngineMaterials/BaseFlattenEmissiveMap.uasset" 231
"../../../Engine/Content/EngineMaterials/BaseFlattenGrayscaleMap.uasset" 232
"../../../Engine/Content/EngineMaterials/BaseFlattenNormalMap.uasset" 233
"../../../Engine/Content/EngineMaterials/BaseFlattenMaterial.uasset" 234
"../../../Engine/Content/EngineResources/WhiteSquareTexture.uasset" 235
"../../../Engine/Content/EngineMaterials/BlinkingCaret.uasset" 236
"../../../Engine/Content/EngineMaterials/BlueNoise.uasset" 237
"../../../Engine/Content/EngineMaterials/DefaultBloomKernel.uasset" 238
"../../../Engine/Content/EngineMaterials/DefaultBokeh.uasset" 239
"../../../Engine/Content/EngineMaterials/DefaultDeferredDecalMaterial.uasset" 240
"../../../Engine/Content/EngineMaterials/DefaultLightFunctionMaterial.uasset" 241
"../../../Engine/Content/EngineMaterials/DefaultNormal.uasset" 242
"../../../Engine/Content/EngineMaterials/DefaultPostProcessMaterial.uasset" 243
"../../../Engine/Content/EngineFonts/RobotoDistanceField.uasset" 244
"../../../Engine/Content/EngineMaterials/DefaultTextMaterialOpaque.uasset" 245
"../../../Engine/Content/EngineMaterials/EditorBrushMaterial.uasset" 246
"../../../Engine/Content/EngineMaterials/EmissiveMeshMaterial.uasset" 247
"../../../Engine/Content/EngineMaterials/GizmoMaterial.uasset" 248
"../../../Engine/Content/EngineMaterials/Good64x64TilingNoiseHighFreq.uasset" 249
"../../../Engine/Content/EngineMaterials/Grid_N.uasset" 250
"../../../Engine/Content/EngineMaterials/HighResolutionScreenshotMaskFunction.uasset" 251
"../../../Engine/Content/EngineMaterials/HighResScreenshot.uasset" 252
"../../../Engine/Content/EngineMaterials/HighResScreenshotCaptureRegion.uasset" 253
"../../../Engine/Content/EngineMaterials/HighResScreenshotMask.uasset" 254
"../../../Engine/Content/EngineMaterials/LandscapeHolePhysicalMaterial.uasset" 255
"../../../Engine/Content/EngineMaterials/InvalidLightmapSettings.uasset" 256
"../../../Engine/Content/EngineMaterials/M_InvalidLightmapSettings.uasset" 257
"../../../Engine/Content/EngineMaterials/PaperDiffuse.uasset" 258
"../../../Engine/Content/EngineMaterials/PaperNormal.uasset" 259
"../../../Engine/Content/Functions/Engine_MaterialFunctions02/WorldPositionOffset/CameraOffset.uasset" 260
"../../../Engine/Content/EngineMaterials/PhAT_JointLimitMaterial.uasset" 261
"../../../Engine/Content/EngineMaterials/PhysMat_Rubber.uasset" 262
"../../../Engine/Content/EngineMaterials/PreintegratedSkinBRDF.uasset" 263
"../../../Engine/Content/EngineMaterials/RemoveSurfaceMaterial.uasset" 264
"../../../Engine/Content/EngineMaterials/WeightMapPlaceholderTexture.uasset" 265
"../../../Engine/Content/Functions/Engine_MaterialFunctions01/ImageAdjustment/sRGBToLinear.uasset" 266
"../../../Engine/Content/Functions/Engine_MaterialFunctions02/Utility/BreakOutFloat3Components.uasset" 267
"../../../Engine/Content/EngineMaterials/Widget3DCameraPassThrough_Opaque_OneSided.uasset" 268
"../../../Engine/Content/EngineMaterials/Widget3DPassThrough.uasset" 269
"../../../Engine/Content/EngineMaterials/Widget3DPassThrough_Masked.uasset" 270
"../../../Engine/Content/EngineMaterials/Widget3DPassThrough_Opaque.uasset" 271
"../../../Engine/Content/EngineMaterials/Widget3DPassThrough_Masked_OneSided.uasset" 272
"../../../Engine/Content/EngineMaterials/Widget3DPassThrough_Opaque_OneSided.uasset" 273
"../../../Engine/Content/EngineMaterials/Widget3DPassThrough_Translucent.uasset" 274
"../../../Engine/Content/EngineMaterials/Widget3DPassThrough_Translucent_OneSided.uasset" 275
"../../../Engine/Content/EngineMeshes/Cube.uasset" 276
"../../../Engine/Content/EngineMeshes/Cylinder.uasset" 277
"../../../Engine/Content/EngineMeshes/Sphere.uasset" 278
"../../../Engine/Content/EngineResources/Black.uasset" 279
"../../../Engine/Content/EngineResources/DefaultTexture.uasset" 280
"../../../Engine/Content/EngineResources/DefaultTextureCube.uasset" 281
"../../../Engine/Content/EngineResources/DefaultVolumeTexture2D.uasset" 282
"../../../Engine/Content/EngineResources/DefaultVolumeTexture.uasset" 283
"../../../Engine/Content/EngineResources/GradientTexture0.uasset" 284
"../../../Engine/Content/EngineResources/StreamingPauseIcon.uasset" 285
"../../../Engine/Content/EngineResources/M_StreamingPause.uasset" 286
"../../../Engine/Content/EngineSounds/Master.uasset" 287
"../../../Engine/Content/Functions/Engine_MaterialFunctions01/Shading/PowerToRoughness.uasset" 288
"../../../Engine/Content/Maps/Templates/Thumbnails/Default.uasset" 289
"../../../Engine/Content/Maps/Templates/Thumbnails/TimeOfDay.uasset" 290
"../../../Engine/Content/Maps/Templates/Thumbnails/VR-Basic.uasset" 291
"../../../Engine/Content/MapTemplates/Sky/DaylightAmbientCubemap.uasset" 292
"../../../Engine/Content/MobileResources/T_MobileControls_texture.uasset" 293
"../../../Engine/Content/MobileResources/T_MobileMenu2.uasset" 294
"../../../Engine/Content/MobileResources/HUD/AnalogHat.uasset" 295
"../../../Engine/Content/MobileResources/HUD/VirtualJoystick_Background.uasset" 296
"../../../Engine/Content/MobileResources/HUD/VirtualJoystick_Thumb.uasset" 297
"../../../Engine/Content/MobileResources/HUD/DefaultVirtualJoysticks.uasset" 298
"../../../Engine/Content/MobileResources/HUD/LeftVirtualJoystickOnly.uasset" 299
"../../../Engine/Content/MobileResources/HUD/MobileHUDButton1_off.uasset" 300
"../../../Engine/Content/MobileResources/HUD/MobileHUDButton1_on.uasset" 301
"../../../Engine/Content/MobileResources/HUD/MobileHUDButton2_off.uasset" 302
"../../../Engine/Content/MobileResources/HUD/MobileHUDButton2_on.uasset" 303
"../../../Engine/Content/MobileResources/HUD/MobileHUDButton3.uasset" 304
"../../../Engine/Content/MobileResources/HUD/MobileHUDButtonFire.uasset" 305
"../../../Engine/Content/MobileResources/HUD/MobileHUDDirectionPad.uasset" 306
"../../../Engine/Content/MobileResources/HUD/MobileHUDDirectionPad2.uasset" 307
"../../../Engine/Content/MobileResources/HUD/MobileHUDDirectionPad3.uasset" 308
"../../../Engine/Content/MobileResources/HUD/MobileHUDDirectionStick.uasset" 309
"../../../Engine/Content/MobileResources/HUD/T_Castle_ThumbstickInner.uasset" 310
"../../../Engine/Content/MobileResources/HUD/T_Castle_ThumbstickOutter.uasset" 311
"../../../Engine/Content/Tutorial/ContentIntroCurve.uasset" 312
"../../../Engine/Content/Tutorial/Basics/LevelEditorAttract.uasset" 313
"../../../Engine/Content/Tutorial/Basics/TutorialAssets/icon_tab_Levels_40x.uasset" 314
"../../../Engine/Content/Tutorial/Basics/LevelEditorOverview.uasset" 315
"../../../Engine/Content/Tutorial/SubEditors/MaterialEditorTutorial.uasset" 316
"../../../Engine/Content/Tutorial/SubEditors/StaticMeshEditorTutorial.uasset" 317
"../../../Engine/Content/Tutorial/SubEditors/TutorialAssets/TutorialMaterial.uasset" 318
"../../../Engine/Content/VREditor/LaserPointer/VR_LaserPower_01.uasset" 319
"../../../Engine/Content/VREditor/TransformGizmo/TransformGizmoMaterial.uasset" 320
"../../../Engine/Content/VREditor/TransformGizmo/TranslucentTransformGizmoMaterial.uasset" 321
"../../../Engine/Content/VREditor/TransformGizmo/BoundingBoxCorner.uasset" 322
"../../../Engine/Content/VREditor/TransformGizmo/BoundingBoxEdge.uasset" 323
"../../../Engine/Content/VREditor/TransformGizmo/PlaneTranslationHandle.uasset" 324
"../../../Engine/Content/VREditor/TransformGizmo/Main.uasset" 325
"../../../Engine/Content/VREditor/TransformGizmo/Xray.uasset" 326
"../../../Engine/Content/VREditor/TransformGizmo/SM_Sequencer_Key.uasset" 327
"../../../Engine/Content/VREditor/TransformGizmo/SM_Sequencer_Node.uasset" 328
"../../../../../GameDev/Fight_My_Demon/Content/Kid/rootAJ_Skeleton.uasset" 329
"../../../../../GameDev/Fight_My_Demon/Content/Kid/crawlbacktryfbx.uasset" 330
"../../../../../GameDev/Fight_My_Demon/Content/Kid/FallFinalExported.uasset" 331
"../../../../../GameDev/Fight_My_Demon/Content/Kid/FlyPose.uasset" 332
"../../../Engine/Content/Animation/DefaultAnimBoneCompressionSettings.uasset" 333
"../../../../../GameDev/Fight_My_Demon/Content/Kid/StandUp.uasset" 334
"../../../../../GameDev/Fight_My_Demon/Content/Kid/walkbackwards.uasset" 335
"../../../../../GameDev/Fight_My_Demon/Content/DivineVoice.uasset" 336
"../../../../../GameDev/Fight_My_Demon/Content/ScaredBoy1.uasset" 337
"../../../../../GameDev/Fight_My_Demon/Content/ScaredBoy2.uasset" 338
"../../../Engine/Content/Functions/Engine_MaterialFunctions01/Gradient/RadialGradient.uasset" 339
"../../../../../GameDev/Fight_My_Demon/Content/StarterContent/Particles/Materials/M_Radial_Gradient.uasset" 340
"../../../../../GameDev/Fight_My_Demon/Content/StarterContent/Textures/T_Smoke_SubUV.uasset" 341
"../../../../../GameDev/Fight_My_Demon/Content/StarterContent/Textures/T_Smoke_Tiled_D.uasset" 342
"../../../../../GameDev/Fight_My_Demon/Content/StarterContent/Particles/Materials/M_smoke_subUV.uasset" 343
"../../../../../GameDev/Fight_My_Demon/Content/StarterContent/Textures/T_Spark_Core.uasset" 344
"../../../../../GameDev/Fight_My_Demon/Content/StarterContent/Particles/Materials/M_Spark.uasset" 345
"../../../../../GameDev/Fight_My_Demon/Content/StarterContent/Particles/RED.uasset" 346
"../../../../../GameDev/Fight_My_Demon/Content/StarterContent/Textures/T_Fire_Tiled_D.uasset" 347
"../../../../../GameDev/Fight_My_Demon/Content/StarterContent/Textures/T_Wood_Pine_D.uasset" 348
"../../../../../GameDev/Fight_My_Demon/Content/TimeAndHealthBar.uasset" 349
"../../../../../GameDev/Fight_My_Demon/Content/Kid/Scared.uasset" 350
"../../../Engine/Content/EditorBlueprintResources/StandardMacros.uasset" 351
"../../../../../GameDev/Fight_My_Demon/Content/SavedData.uasset" 352
"../../../../../GameDev/Fight_My_Demon/Content/Kid/Boy01_diffuse.uasset" 353
"../../../../../GameDev/Fight_My_Demon/Content/Kid/Boy01_normal.uasset" 354
"../../../../../GameDev/Fight_My_Demon/Content/Kid/Boy01_spec.uasset" 355
"../../../../../GameDev/Fight_My_Demon/Content/Kid/Boy01_Body_MAT.uasset" 356
"../../../../../GameDev/Fight_My_Demon/Content/SlowdownState.uasset" 357
"../../../../../GameDev/Fight_My_Demon/Content/Evil_Laugh.uasset" 358
"../../../../../GameDev/Fight_My_Demon/Content/imgonline-com-ua-ReplaceColor-0icYwxOLE4IHzlvc.uasset" 359
"../../../../../GameDev/Fight_My_Demon/Content/orange.uasset" 360
"../../../../../GameDev/Fight_My_Demon/Content/DevilMat.uasset" 361
"../../../Engine/Content/Functions/Engine_MaterialFunctions02/Utility/BlendAngleCorrectedNormals.uasset" 362
"../../../Engine/Content/Functions/MaterialLayerFunctions/MatLayerBlend_NormalBlend.uasset" 363
"../../../Engine/Content/Functions/MaterialLayerFunctions/MatLayerBlend_Simple.uasset" 364
"../../../../../GameDev/Fight_My_Demon/Content/NewDevil/ControlRig/Mannequin/Character/Materials/MaterialLayers/T_ML_Rubber_Blue_01_D.uasset" 365
"../../../../../GameDev/Fight_My_Demon/Content/NewDevil/ControlRig/Mannequin/Character/Materials/MaterialLayers/T_ML_Rubber_Blue_01_N.uasset" 366
"../../../../../GameDev/Fight_My_Demon/Content/NewDevil/ControlRig/Mannequin/Character/Materials/MaterialLayers/ML_GlossyBlack_Latex_UE4.uasset" 367
"../../../../../GameDev/Fight_My_Demon/Content/NewDevil/ControlRig/Mannequin/Character/Materials/MaterialLayers/ML_Plastic_Shiny_Beige.uasset" 368
"../../../../../GameDev/Fight_My_Demon/Content/NewDevil/ControlRig/Mannequin/Character/Textures/UE4_LOGO_CARD.uasset" 369
"../../../../../GameDev/Fight_My_Demon/Content/NewDevil/ControlRig/Mannequin/Character/Materials/MaterialLayers/ML_Plastic_Shiny_Beige_LOGO.uasset" 370
"../../../../../GameDev/Fight_My_Demon/Content/NewDevil/ControlRig/Mannequin/Character/Materials/MaterialLayers/T_ML_Aluminum01.uasset" 371
"../../../../../GameDev/Fight_My_Demon/Content/NewDevil/ControlRig/Mannequin/Character/Materials/MaterialLayers/T_ML_Aluminum01_N.uasset" 372
"../../../../../GameDev/Fight_My_Demon/Content/NewDevil/ControlRig/Mannequin/Character/Materials/MaterialLayers/ML_SoftMetal_UE4.uasset" 373
"../../../../../GameDev/Fight_My_Demon/Content/NewDevil/ControlRig/Mannequin/Character/Textures/UE4_Mannequin__normals.uasset" 374
"../../../../../GameDev/Fight_My_Demon/Content/NewDevil/ControlRig/Mannequin/Character/Textures/UE4_Mannequin_MAT_MASKA.uasset" 375
"../../../../../GameDev/Fight_My_Demon/Content/NewDevil/ControlRig/Mannequin/Character/Materials/M_UE4Man_Body.uasset" 376
"../../../../../GameDev/Fight_My_Demon/Content/NewDevil/ControlRig/Mannequin/Character/Materials/M_UE4Man_ChestLogo.uasset" 377
"../../../../../GameDev/Fight_My_Demon/Content/NewDevil/ControlRig/Mannequin/Character/Devil/SK_Mannequin_PhysicsAsset.uasset" 378
"../../../../../GameDev/Fight_My_Demon/Content/NewDevil/ControlRig/Mannequin/Character/Devil/SK_Mannequin_Skeleton.uasset" 379
"../../../../../GameDev/Fight_My_Demon/Content/NewDevil/ControlRig/Mannequin/Character/Devil/SK_Mannequin.uasset" 380
"../../../../../GameDev/Fight_My_Demon/Content/sam1.uasset" 381
"../../../../../GameDev/Fight_My_Demon/Content/RodMaterial.uasset" 382
"../../../../../GameDev/Fight_My_Demon/Content/Shield_StaticMesh.uasset" 383
"../../../../../GameDev/Fight_My_Demon/Content/ShieldPush.uasset" 384
"../../../../../GameDev/Fight_My_Demon/Content/StarterContent/Particles/P_Smoke.uasset" 385
"../../../../../GameDev/Fight_My_Demon/Content/warfare_taser_gun_004__online-audio-converter_com_.uasset" 386
"../../../../../GameDev/Fight_My_Demon/Content/Devil.uasset" 387
"../../../../../GameDev/Fight_My_Demon/Content/EMaterial.uasset" 388
"../../../Engine/Content/BasicShapes/Sphere.uasset" 389
"../../../../../GameDev/Fight_My_Demon/Content/Kid/Boy01_FacialAnimMap.uasset" 390
"../../../../../GameDev/Fight_My_Demon/Content/Kid/Boy01_Brows_MAT1.uasset" 391
"../../../../../GameDev/Fight_My_Demon/Content/Kid/Boy01_Eyes_MAT1.uasset" 392
"../../../../../GameDev/Fight_My_Demon/Content/Kid/Boy01_Mouth_MAT1.uasset" 393
"../../../../../GameDev/Fight_My_Demon/Content/Kid/rootAJ_PhysicsAsset.uasset" 394
"../../../../../GameDev/Fight_My_Demon/Content/Kid/rootAJ.uasset" 395
"../../../../../GameDev/Fight_My_Demon/Content/StarterContent/Textures/T_MacroVariation.uasset" 396
"../../../../../GameDev/Fight_My_Demon/Content/StarterContent/Textures/T_Metal_Gold_D.uasset" 397
"../../../../../GameDev/Fight_My_Demon/Content/StarterContent/Textures/T_Metal_Gold_N.uasset" 398
"../../../../../GameDev/Fight_My_Demon/Content/StarterContent/Materials/M_Metal_Gold.uasset" 399
"../../../../../GameDev/Fight_My_Demon/Content/MagicBullet.uasset" 400
"../../../../../GameDev/Fight_My_Demon/Content/Sam.uasset" 401
"../../../../../GameDev/Fight_My_Demon/Content/FightMyDemon_GameMode.uasset" 402
"../../../../../GameDev/Fight_My_Demon/Content/Devil/whiteclown_alpha.uasset" 403
"../../../../../GameDev/Fight_My_Demon/Content/Devil/whiteclown_diffuse.uasset" 404
"../../../../../GameDev/Fight_My_Demon/Content/Devil/whiteclown_normal.uasset" 405
"../../../../../GameDev/Fight_My_Demon/Content/Devil/whiteclown_specular.uasset" 406
"../../../../../GameDev/Fight_My_Demon/Content/Devil/WhiteClown_material.uasset" 407
"../../../../../GameDev/Fight_My_Demon/Content/Devil/Hip_Hop_Dancing_PhysicsAsset.uasset" 408
"../../../../../GameDev/Fight_My_Demon/Content/Devil/Hip_Hop_Dancing_Skeleton.uasset" 409
"../../../../../GameDev/Fight_My_Demon/Content/Devil/Hip_Hop_Dancing.uasset" 410
"../../../../../GameDev/Fight_My_Demon/Content/StarterContent/Textures/T_Tech_Hex_Tile_M.uasset" 411
"../../../../../GameDev/Fight_My_Demon/Content/Meshes/CapMaterial.uasset" 412
"../../../../../GameDev/Fight_My_Demon/Content/StarterContent/Audio/Explosion01.uasset" 413
"../../../../../GameDev/Fight_My_Demon/Content/StarterContent/Audio/Explosion02.uasset" 414
"../../Plugins/2D/Paper2D/Content/PlaceholderTextures/DummySpriteTexture.uasset" 415
"../../Plugins/2D/Paper2D/Content/DummySprite.uasset" 416
"../../Plugins/2D/Paper2D/Content/DefaultPaperTerrainMaterial.uasset" 417
"../../Plugins/2D/Paper2D/Content/DefaultSpriteMaterial.uasset" 418
"../../Plugins/2D/Paper2D/Content/MaskedUnlitSpriteMaterial.uasset" 419
"../../Plugins/2D/Paper2D/Content/OpaqueUnlitSpriteMaterial.uasset" 420
"../../Plugins/Experimental/ControlRig/Content/M_Manip.uasset" 421
"../../Plugins/Experimental/ControlRig/Content/Controls/ControlRigGizmoMaterial.uasset" 422
"../../Plugins/Experimental/ControlRig/Content/Controls/ControlRig_Arrow2_1mm.uasset" 423
"../../Plugins/Experimental/ControlRig/Content/Controls/ControlRig_Arrow2_3mm.uasset" 424
"../../Plugins/Experimental/ControlRig/Content/Controls/ControlRig_Arrow2_solid.uasset" 425
"../../Plugins/Experimental/ControlRig/Content/Controls/ControlRig_Arrow4_1mm.uasset" 426
"../../Plugins/Experimental/ControlRig/Content/Controls/ControlRig_Arrow4_3mm.uasset" 427
"../../Plugins/Experimental/ControlRig/Content/Controls/ControlRig_Arrow4_solid.uasset" 428
"../../Plugins/Experimental/ControlRig/Content/Controls/ControlRig_Arrow_1mm.uasset" 429
"../../Plugins/Experimental/ControlRig/Content/Controls/ControlRig_Arrow_3mm.uasset" 430
"../../Plugins/Experimental/ControlRig/Content/Controls/ControlRig_Arrow_solid.uasset" 431
"../../Plugins/Experimental/ControlRig/Content/Controls/ControlRig_Box_1mm.uasset" 432
"../../Plugins/Experimental/ControlRig/Content/Controls/ControlRig_Box_3mm.uasset" 433
"../../Plugins/Experimental/ControlRig/Content/Controls/ControlRig_Box_solid.uasset" 434
"../../Plugins/Experimental/ControlRig/Content/Controls/ControlRig_Circle_1mm.uasset" 435
"../../Plugins/Experimental/ControlRig/Content/Controls/ControlRig_Circle_3mm.uasset" 436
"../../Plugins/Experimental/ControlRig/Content/Controls/ControlRig_Circle_solid.uasset" 437
"../../Plugins/Experimental/ControlRig/Content/Controls/ControlRig_Diamond_1mm.uasset" 438
"../../Plugins/Experimental/ControlRig/Content/Controls/ControlRig_Diamond_3mm.uasset" 439
"../../Plugins/Experimental/ControlRig/Content/Controls/ControlRig_Diamond_solid.uasset" 440
"../../Plugins/Experimental/ControlRig/Content/Controls/ControlRig_HalfCircle_1mm.uasset" 441
"../../Plugins/Experimental/ControlRig/Content/Controls/ControlRig_HalfCircle_3mm.uasset" 442
"../../Plugins/Experimental/ControlRig/Content/Controls/ControlRig_HalfCircle_solid.uasset" 443
"../../Plugins/Experimental/ControlRig/Content/Controls/ControlRig_Hexagon_1mm.uasset" 444
"../../Plugins/Experimental/ControlRig/Content/Controls/ControlRig_Hexagon_3mm.uasset" 445
"../../Plugins/Experimental/ControlRig/Content/Controls/ControlRig_Hexagon_solid.uasset" 446
"../../Plugins/Experimental/ControlRig/Content/Controls/ControlRig_Octagon_1mm.uasset" 447
"../../Plugins/Experimental/ControlRig/Content/Controls/ControlRig_Octagon_3mm.uasset" 448
"../../Plugins/Experimental/ControlRig/Content/Controls/ControlRig_Octagon_solid.uasset" 449
"../../Plugins/Experimental/ControlRig/Content/Controls/ControlRig_Pyramid_1mm.uasset" 450
"../../Plugins/Experimental/ControlRig/Content/Controls/ControlRig_Pyramid_3mm.uasset" 451
"../../Plugins/Experimental/ControlRig/Content/Controls/ControlRig_Pyramid_solid.uasset" 452
"../../Plugins/Experimental/ControlRig/Content/Controls/ControlRig_QuarterCircle_1mm.uasset" 453
"../../Plugins/Experimental/ControlRig/Content/Controls/ControlRig_QuarterCircle_3mm.uasset" 454
"../../Plugins/Experimental/ControlRig/Content/Controls/ControlRig_QuarterCircle_solid.uasset" 455
"../../Plugins/Experimental/ControlRig/Content/Controls/ControlRig_RoundedSquare_1mm.uasset" 456
"../../Plugins/Experimental/ControlRig/Content/Controls/ControlRig_RoundedSquare_3mm.uasset" 457
"../../Plugins/Experimental/ControlRig/Content/Controls/ControlRig_RoundedSquare_solid.uasset" 458
"../../Plugins/Experimental/ControlRig/Content/Controls/ControlRig_RoundedTriangle_1mm.uasset" 459
"../../Plugins/Experimental/ControlRig/Content/Controls/ControlRig_RoundedTriangle_3mm.uasset" 460
"../../Plugins/Experimental/ControlRig/Content/Controls/ControlRig_RoundedTriangle_solid.uasset" 461
"../../Plugins/Experimental/ControlRig/Content/Controls/ControlRig_Sphere_1mm.uasset" 462
"../../Plugins/Experimental/ControlRig/Content/Controls/ControlRig_Sphere_3mm.uasset" 463
"../../Plugins/Experimental/ControlRig/Content/Controls/ControlRig_Sphere_solid.uasset" 464
"../../Plugins/Experimental/ControlRig/Content/Controls/ControlRig_Square_1mm.uasset" 465
"../../Plugins/Experimental/ControlRig/Content/Controls/ControlRig_Square_3mm.uasset" 466
"../../Plugins/Experimental/ControlRig/Content/Controls/ControlRig_Square_solid.uasset" 467
"../../Plugins/Experimental/ControlRig/Content/Controls/ControlRig_Star4_1mm.uasset" 468
"../../Plugins/Experimental/ControlRig/Content/Controls/ControlRig_Star4_3mm.uasset" 469
"../../Plugins/Experimental/ControlRig/Content/Controls/ControlRig_Star4_solid.uasset" 470
"../../Plugins/Experimental/ControlRig/Content/Controls/ControlRig_Triangle_1mm.uasset" 471
"../../Plugins/Experimental/ControlRig/Content/Controls/ControlRig_Triangle_3mm.uasset" 472
"../../Plugins/Experimental/ControlRig/Content/Controls/ControlRig_Triangle_solid.uasset" 473
"../../Plugins/Experimental/ControlRig/Content/Controls/ControlRig_Wedge_1mm.uasset" 474
"../../Plugins/Experimental/ControlRig/Content/Controls/ControlRig_Wedge_3mm.uasset" 475
"../../Plugins/Experimental/ControlRig/Content/Controls/ControlRig_Wedge_solid.uasset" 476
"../../Plugins/Experimental/ControlRig/Content/Controls/DefaultGizmoLibrary.uasset" 477
"../../Plugins/FX/Niagara/Content/Enums/ENiagaraBooleanLogicOps.uasset" 478
"../../Plugins/FX/Niagara/Content/Enums/ENiagaraCoordinateSpace.uasset" 479
"../../Plugins/FX/Niagara/Content/Enums/ENiagaraExpansionMode.uasset" 480
"../../Plugins/FX/Niagara/Content/Enums/ENiagaraOrientationAxis.uasset" 481
"../../Plugins/FX/Niagara/Content/Enums/ENiagaraRandomnessMode.uasset" 482
"../../Plugins/FX/Niagara/Content/Icons/S_ParticleSystem.uasset" 483
"../../../Engine/Content/Functions/Engine_MaterialFunctions02/Utility/BreakOutFloat4Components.uasset" 484
"../../Plugins/Runtime/Oculus/OculusVR/Content/Materials/OculusMR_ChromaKey.uasset" 485
"../../Plugins/Runtime/Oculus/OculusVR/Content/Materials/OculusMR_ChromaKey_Lit.uasset" 486
"../../Plugins/Runtime/Oculus/OculusVR/Content/Materials/OculusMR_OpaqueColoredMaterial.uasset" 487
"../../Plugins/Runtime/Oculus/OculusVR/Content/Materials/OculusMR_WhiteMaterial.uasset" 488
"../../../Engine/Content/Maps/Entry_BuiltData.uasset" 489
"../../../Engine/Content/Maps/Entry.umap" 490
"../../../../../GameDev/Fight_My_Demon/Content/Devil/Hip_Hop_Dancing_Anim_mixamo_com.uasset" 491
"../../../../../GameDev/Fight_My_Demon/Content/bensound-evolution.uasset" 492
"../../../../../GameDev/Fight_My_Demon/Content/Devil/BackgroundSound/Scary_Demon_Haunting-Adam_Webb-97651262.uasset" 493
"../../../../../GameDev/Fight_My_Demon/Content/Scary_Background_music.uasset" 494
"../../../../../GameDev/Fight_My_Demon/Content/GameMusic.uasset" 495
"../../../../../GameDev/Fight_My_Demon/Content/MyCountdown.uasset" 496
"../../../../../GameDev/Fight_My_Demon/Content/StarterContent/Audio/Fire_Sparks01.uasset" 497
"../../../../../GameDev/Fight_My_Demon/Content/StarterContent/Textures/T_Fire_SubUV.uasset" 498
"../../../../../GameDev/Fight_My_Demon/Content/StarterContent/Particles/Materials/M_Fire_SubUV.uasset" 499
"../../../../../GameDev/Fight_My_Demon/Content/StarterContent/Particles/Bullet_Burn.uasset" 500
"../../../../../GameDev/Fight_My_Demon/Content/StarterContent/Blueprints/Blueprint_Effect_BulletBurned.uasset" 501
"../../../../../GameDev/Fight_My_Demon/Content/StarterContent/Audio/Explosion_Cue.uasset" 502
"../../../../../GameDev/Fight_My_Demon/Content/StarterContent/Textures/T_Burst_M.uasset" 503
"../../../../../GameDev/Fight_My_Demon/Content/StarterContent/Particles/Materials/M_Burst.uasset" 504
"../../../../../GameDev/Fight_My_Demon/Content/StarterContent/Textures/T_Explosion_SubUV.uasset" 505
"../../../../../GameDev/Fight_My_Demon/Content/StarterContent/Particles/Materials/M_explosion_subUV.uasset" 506
"../../../../../GameDev/Fight_My_Demon/Content/StarterContent/Particles/Materials/m_flare_01.uasset" 507
"../../../../../GameDev/Fight_My_Demon/Content/StarterContent/Particles/Materials/M_radial_ramp.uasset" 508
"../../../../../GameDev/Fight_My_Demon/Content/StarterContent/Particles/P_Explosion.uasset" 509
"../../../../../GameDev/Fight_My_Demon/Content/StarterContent/Blueprints/Blueprint_Effect_Explosion.uasset" 510
"../../../../../GameDev/Fight_My_Demon/Content/StarterContent/Materials/M_Basic_Floor.uasset" 511
"../../../../../GameDev/Fight_My_Demon/Content/StarterContent/Architecture/Floor_400x400.uasset" 512
"../../../../../GameDev/Fight_My_Demon/Content/StarterContent/Props/Hoverable_Floor_Blueprint.uasset" 513
"../../../../../GameDev/Fight_My_Demon/Content/StarterContent/Maps/Minimal_Default_BuiltData.uasset" 514
"../../../../../GameDev/Fight_My_Demon/Content/NewDevil/Hoodie/Material_32.uasset" 515
"../../../../../GameDev/Fight_My_Demon/Content/StarterContent/Textures/T_Chair_N.uasset" 516
"../../../../../GameDev/Fight_My_Demon/Content/StarterContent/Props/Materials/M_Chair.uasset" 517
"../../../../../GameDev/Fight_My_Demon/Content/StarterContent/Textures/T_Wood_Oak_D.uasset" 518
"../../../../../GameDev/Fight_My_Demon/Content/StarterContent/Textures/T_Wood_Oak_N.uasset" 519
"../../../../../GameDev/Fight_My_Demon/Content/StarterContent/Textures/T_Wood_Oak_Mat.uasset" 520
"../../../../../GameDev/Fight_My_Demon/Content/NewDevil/Hoodie/hoodie_lp__.uasset" 521
"../../../../../GameDev/Fight_My_Demon/Content/StarterContent/Props/SM_Chair.uasset" 522
"../../../../../GameDev/Fight_My_Demon/Content/StarterContent/Textures/T_Statue_M.uasset" 523
"../../../../../GameDev/Fight_My_Demon/Content/StarterContent/Textures/T_Statue_N.uasset" 524
"../../../../../GameDev/Fight_My_Demon/Content/StarterContent/Props/Materials/M_Statue.uasset" 525
"../../../../../GameDev/Fight_My_Demon/Content/StarterContent/Props/Materials/M_StatueGlass.uasset" 526
"../../../../../GameDev/Fight_My_Demon/Content/StarterContent/Props/SM_Statue.uasset" 527
"../../../../../GameDev/Fight_My_Demon/Content/StarterContent/Textures/T_TableRound_N.uasset" 528
"../../../../../GameDev/Fight_My_Demon/Content/StarterContent/Props/Materials/M_TableRound.uasset" 529
"../../../../../GameDev/Fight_My_Demon/Content/StarterContent/Props/SM_TableRound.uasset" 530
"../../../../../GameDev/Fight_My_Demon/Content/StarterContent/Maps/Minimal_Default.umap" 531
